<?xml version="1.0" encoding="UTF-8"?>
<!-- Generated by org.testng.reporters.JUnitReportReporter -->
<testsuite hostname="DLLT-P3XY.local" failures="0" tests="1" name="basictest.AlertDialogsAssignment" time="58.082" errors="0" timestamp="2024-09-19T01:00:02 IST" skipped="0">
  <testcase classname="basictest.AlertDialogsAssignment" name="alertDialogs" time="58.082"/>
</testsuite> <!-- basictest.AlertDialogsAssignment -->
