<?xml version="1.0" encoding="UTF-8"?>
<!-- Generated by org.testng.reporters.JUnitReportReporter -->
<testsuite hostname="DLLT-P3XY.local" failures="0" tests="1" name="basictest.MiscellaneousAppiumActions" time="8.249" errors="0" timestamp="2024-09-19T01:40:50 IST" skipped="0">
  <testcase classname="basictest.MiscellaneousAppiumActions" name="miscellaneous" time="8.249"/>
</testsuite> <!-- basictest.MiscellaneousAppiumActions -->
