<?xml version="1.0" encoding="UTF-8"?>
<!-- Generated by org.testng.reporters.JUnitReportReporter -->
<testsuite hostname="DLLT-P3XY.local" failures="0" tests="1" name="basictest.SwipeDemo" time="4.854" errors="0" timestamp="2024-09-18T18:59:38 IST" skipped="0">
  <testcase classname="basictest.SwipeDemo" name="swipe" time="4.854"/>
</testsuite> <!-- basictest.SwipeDemo -->
