<?xml version="1.0" encoding="UTF-8"?>
<!-- Generated by org.testng.reporters.JUnitReportReporter -->
<testsuite hostname="DLLT-P3XY.local" failures="0" tests="1" name="basictest.LongPress" time="6.705" errors="0" timestamp="2024-09-18T18:12:53 IST" skipped="0">
  <testcase classname="basictest.LongPress" name="longPress" time="6.705"/>
</testsuite> <!-- basictest.LongPress -->
