<?xml version="1.0" encoding="UTF-8"?>
<!-- Generated by org.testng.reporters.JUnitReportReporter -->
<testsuite hostname="DLLT-P3XY.local" failures="0" tests="1" name="basictest.baseClass" time="13.591" errors="0" timestamp="2024-09-18T15:17:07 IST" skipped="0">
  <testcase classname="basictest.baseClass" name="setUp" time="13.591"/>
</testsuite> <!-- basictest.baseClass -->
