<?xml version="1.0" encoding="UTF-8"?>
<!-- Generated by org.testng.reporters.JUnitReportReporter -->
<testsuite hostname="DLLT-P3XY.local" failures="0" tests="1" name="basictest.DragAndDrop" time="3.764" errors="0" timestamp="2024-09-18T19:10:42 IST" skipped="0">
  <testcase classname="basictest.DragAndDrop" name="dragAndDrop" time="3.764"/>
</testsuite> <!-- basictest.DragAndDrop -->
