<?xml version="1.0" encoding="UTF-8"?>
<!-- Generated by org.testng.reporters.JUnitReportReporter -->
<testsuite hostname="DLLT-P3XY.local" failures="0" tests="1" name="basictest.WifiSettings" time="5.792" errors="0" timestamp="2024-09-18T17:38:46 IST" skipped="0">
  <testcase classname="basictest.WifiSettings" name="wifiSetting" time="5.792"/>
</testsuite> <!-- basictest.WifiSettings -->
