<?xml version="1.0" encoding="UTF-8"?>
<!-- Generated by org.testng.reporters.JUnitReportReporter -->
<testsuite hostname="DLLT-P3XY.local" failures="0" tests="1" name="basictest.ScrollDemo" time="9.420" errors="0" timestamp="2024-09-18T18:33:22 IST" skipped="0">
  <testcase classname="basictest.ScrollDemo" name="scroll" time="9.420"/>
</testsuite> <!-- basictest.ScrollDemo -->
